2025-05-11 06:23:06.2087 Warn Logger: BlogProject.Controllers.HomeController configured with duplicate output to target: FileTarget(Name=logfile). LoggingRule with NamePattern='*' and Level=Info has been skipped.
2025-05-11 06:23:10.1606 Warn Logger: BlogProject.Controllers.UsersController configured with duplicate output to target: FileTarget(Name=logfile). LoggingRule with NamePattern='*' and Level=Info has been skipped.
2025-05-11 06:23:11.4468 Warn Logger: BlogProject.Controllers.RoleController configured with duplicate output to target: FileTarget(Name=logfile). LoggingRule with NamePattern='*' and Level=Info has been skipped.
2025-05-11 06:23:17.0535 Warn Logger: BlogProject.Controllers.PostsController configured with duplicate output to target: FileTarget(Name=logfile). LoggingRule with NamePattern='*' and Level=Info has been skipped.
2025-05-11 23:14:00.8201 Warn Logger: BlogProject.Controllers.HomeController configured with duplicate output to target: FileTarget(Name=logfile). LoggingRule with NamePattern='*' and Level=Info has been skipped.
2025-05-11 23:14:02.1739 Warn Logger: BlogProject.Controllers.UsersController configured with duplicate output to target: FileTarget(Name=logfile). LoggingRule with NamePattern='*' and Level=Info has been skipped.
2025-05-11 23:14:02.7415 Warn Logger: BlogProject.Controllers.TagsController configured with duplicate output to target: FileTarget(Name=logfile). LoggingRule with NamePattern='*' and Level=Info has been skipped.
2025-05-11 23:14:03.3325 Warn Logger: BlogProject.Controllers.CommentsController configured with duplicate output to target: FileTarget(Name=logfile). LoggingRule with NamePattern='*' and Level=Info has been skipped.
2025-05-11 23:14:03.8850 Warn Logger: BlogProject.Controllers.PostsController configured with duplicate output to target: FileTarget(Name=logfile). LoggingRule with NamePattern='*' and Level=Info has been skipped.
2025-05-11 23:14:05.4649 Warn Logger: BlogProject.Controllers.RoleController configured with duplicate output to target: FileTarget(Name=logfile). LoggingRule with NamePattern='*' and Level=Info has been skipped.
2025-05-12 00:23:19.6400 Warn Logger: BlogProject.Controllers.HomeController configured with duplicate output to target: FileTarget(Name=logfile). LoggingRule with NamePattern='*' and Level=Info has been skipped.
2025-05-12 00:24:17.1861 Warn Logger: BlogProject.Controllers.CommentsController configured with duplicate output to target: FileTarget(Name=logfile). LoggingRule with NamePattern='*' and Level=Info has been skipped.
2025-05-12 00:24:17.7290 Warn Logger: BlogProject.Controllers.UsersController configured with duplicate output to target: FileTarget(Name=logfile). LoggingRule with NamePattern='*' and Level=Info has been skipped.
2025-05-12 00:24:19.9915 Warn Logger: BlogProject.Controllers.PostsController configured with duplicate output to target: FileTarget(Name=logfile). LoggingRule with NamePattern='*' and Level=Info has been skipped.
2025-05-12 00:31:51.8992 Warn Logger: BlogProject.Controllers.HomeController configured with duplicate output to target: FileTarget(Name=logfile). LoggingRule with NamePattern='*' and Level=Info has been skipped.
2025-05-12 00:31:53.1216 Warn Logger: BlogProject.Controllers.UsersController configured with duplicate output to target: FileTarget(Name=logfile). LoggingRule with NamePattern='*' and Level=Info has been skipped.
2025-05-12 00:31:53.4630 Warn Logger: BlogProject.Controllers.RoleController configured with duplicate output to target: FileTarget(Name=logfile). LoggingRule with NamePattern='*' and Level=Info has been skipped.
2025-05-12 00:31:54.9592 Warn Logger: BlogProject.Controllers.TagsController configured with duplicate output to target: FileTarget(Name=logfile). LoggingRule with NamePattern='*' and Level=Info has been skipped.
2025-05-12 00:31:55.2524 Warn Logger: BlogProject.Controllers.CommentsController configured with duplicate output to target: FileTarget(Name=logfile). LoggingRule with NamePattern='*' and Level=Info has been skipped.
2025-05-12 00:31:55.5055 Warn Logger: BlogProject.Controllers.PostsController configured with duplicate output to target: FileTarget(Name=logfile). LoggingRule with NamePattern='*' and Level=Info has been skipped.
2025-05-13 05:27:15.8863 Warn Logger: BlogProject.Controllers.HomeController configured with duplicate output to target: FileTarget(Name=logfile). LoggingRule with NamePattern='*' and Level=Info has been skipped.
2025-05-14 01:01:31.0870 Warn Logger: BlogProject.Controllers.HomeController configured with duplicate output to target: FileTarget(Name=logfile). LoggingRule with NamePattern='*' and Level=Info has been skipped.
2025-05-14 01:01:33.3378 Warn Logger: BlogProject.Controllers.PostsController configured with duplicate output to target: FileTarget(Name=logfile). LoggingRule with NamePattern='*' and Level=Info has been skipped.
2025-05-14 01:01:34.1156 Warn Logger: BlogProject.Controllers.CommentsController configured with duplicate output to target: FileTarget(Name=logfile). LoggingRule with NamePattern='*' and Level=Info has been skipped.
2025-05-14 01:01:34.3945 Warn Logger: BlogProject.Controllers.UsersController configured with duplicate output to target: FileTarget(Name=logfile). LoggingRule with NamePattern='*' and Level=Info has been skipped.
2025-05-14 01:01:35.1530 Warn Logger: BlogProject.Controllers.RoleController configured with duplicate output to target: FileTarget(Name=logfile). LoggingRule with NamePattern='*' and Level=Info has been skipped.
2025-05-14 03:14:54.9116 Warn Logger: BlogProject.Controllers.HomeController configured with duplicate output to target: FileTarget(Name=logfile). LoggingRule with NamePattern='*' and Level=Info has been skipped.
2025-05-14 03:14:56.2586 Warn Logger: BlogProject.Controllers.PostsController configured with duplicate output to target: FileTarget(Name=logfile). LoggingRule with NamePattern='*' and Level=Info has been skipped.
2025-05-14 03:14:56.9749 Warn Logger: BlogProject.Controllers.CommentsController configured with duplicate output to target: FileTarget(Name=logfile). LoggingRule with NamePattern='*' and Level=Info has been skipped.
2025-05-14 03:14:57.2078 Warn Logger: BlogProject.Controllers.TagsController configured with duplicate output to target: FileTarget(Name=logfile). LoggingRule with NamePattern='*' and Level=Info has been skipped.
2025-05-14 03:14:57.5054 Warn Logger: BlogProject.Controllers.UsersController configured with duplicate output to target: FileTarget(Name=logfile). LoggingRule with NamePattern='*' and Level=Info has been skipped.
2025-05-14 03:14:57.8386 Warn Logger: BlogProject.Controllers.RoleController configured with duplicate output to target: FileTarget(Name=logfile). LoggingRule with NamePattern='*' and Level=Info has been skipped.
2025-05-14 03:21:24.2291 Warn Logger: BlogProject.Controllers.HomeController configured with duplicate output to target: FileTarget(Name=logfile). LoggingRule with NamePattern='*' and Level=Info has been skipped.
2025-05-14 04:19:44.6979 Warn Logger: BlogProject.Controllers.HomeController configured with duplicate output to target: FileTarget(Name=logfile). LoggingRule with NamePattern='*' and Level=Info has been skipped.
2025-05-14 04:19:45.6133 Warn Logger: BlogProject.Controllers.CommentsController configured with duplicate output to target: FileTarget(Name=logfile). LoggingRule with NamePattern='*' and Level=Info has been skipped.
2025-05-14 04:19:46.0784 Warn Logger: BlogProject.Controllers.UsersController configured with duplicate output to target: FileTarget(Name=logfile). LoggingRule with NamePattern='*' and Level=Info has been skipped.
2025-05-14 04:19:46.3394 Warn Logger: BlogProject.Controllers.RoleController configured with duplicate output to target: FileTarget(Name=logfile). LoggingRule with NamePattern='*' and Level=Info has been skipped.
2025-05-14 04:22:01.4296 Warn Logger: BlogProject.Controllers.HomeController configured with duplicate output to target: FileTarget(Name=logfile). LoggingRule with NamePattern='*' and Level=Info has been skipped.
2025-05-14 04:22:02.4325 Warn Logger: BlogProject.Controllers.CommentsController configured with duplicate output to target: FileTarget(Name=logfile). LoggingRule with NamePattern='*' and Level=Info has been skipped.
2025-05-14 04:22:02.6017 Warn Logger: BlogProject.Controllers.PostsController configured with duplicate output to target: FileTarget(Name=logfile). LoggingRule with NamePattern='*' and Level=Info has been skipped.
2025-05-14 04:22:03.7412 Warn Logger: BlogProject.Controllers.UsersController configured with duplicate output to target: FileTarget(Name=logfile). LoggingRule with NamePattern='*' and Level=Info has been skipped.
2025-05-14 04:22:04.0125 Warn Logger: BlogProject.Controllers.RoleController configured with duplicate output to target: FileTarget(Name=logfile). LoggingRule with NamePattern='*' and Level=Info has been skipped.
